\BOOKMARK [0][-]{chapter*.1}{Abstract}{}
\BOOKMARK [0][-]{chapter*.2}{Preface}{}
\BOOKMARK [0][-]{section*.3}{Table of Contents}{}
\BOOKMARK [0][-]{section*.4}{List of Tables}{}
\BOOKMARK [0][-]{section*.5}{List of Figures}{}
\BOOKMARK [0][-]{section*.6}{Table of Contents}{}
\BOOKMARK [0][-]{chapter*.7}{Glossary}{}
\BOOKMARK [0][-]{chapter.1}{1 Introduction}{}
\BOOKMARK [0][-]{chapter.2}{2 Domain growth on the GMS system}{}
\BOOKMARK [1][-]{section.2.1}{2.1 Case Study: the GMS model}{chapter.2}
\BOOKMARK [2][-]{subsection.2.1.1}{2.1.1 Turing stability analysis}{section.2.1}
\BOOKMARK [2][-]{subsection.2.1.2}{2.1.2 Construction of a single mesa}{section.2.1}
\BOOKMARK [2][-]{subsection.2.1.3}{2.1.3 Bifurcation analysis}{section.2.1}
\BOOKMARK [2][-]{subsection.2.1.4}{2.1.4 Construction of the solution in the near-shadow limit}{section.2.1}
\BOOKMARK [2][-]{subsection.2.1.5}{2.1.5 Stability in the near-shadow limit to perturbations in the y direction}{section.2.1}
\BOOKMARK [1][-]{section.2.2}{2.2 Case Study: the generic mesa model}{chapter.2}
\BOOKMARK [2][-]{subsection.2.2.1}{2.2.1 Construction of the solution in the near-shadow limit}{section.2.2}
\BOOKMARK [2][-]{subsection.2.2.2}{2.2.2 Stability of the K-mesa solution to perturbations along the y-axis}{section.2.2}
\BOOKMARK [2][-]{subsection.2.2.3}{2.2.3 The 1-mesa special case}{section.2.2}
\BOOKMARK [2][-]{subsection.2.2.4}{2.2.4 Hopf bifurcation on 1-d mesa patterns}{section.2.2}
\BOOKMARK [0][-]{section*.18}{Bibliography}{}
