This is pdfTeX, Version 3.1415926-1.40.10 (TeX Live 2009/Debian) (format=pdflatex 2011.4.11)  24 JUL 2011 15:13
entering extended mode
 %&-line parsing enabled.
**main_driver.tex
(./main_driver.tex
LaTeX2e <2009/09/24>
Babel <v3.8l> and hyphenation patterns for english, usenglishmax, dumylang, noh
yphenation, loaded.
(./ubcdiss.cls
Document Class: ubcdiss 2008/04/06
(/usr/share/texmf-texlive/tex/latex/tools/calc.sty
Package: calc 2007/08/22 v4.3 Infix arithmetic (KKT,FJ)
\calc@Acount=\count79
\calc@Bcount=\count80
\calc@Adimen=\dimen102
\calc@Bdimen=\dimen103
\calc@Askip=\skip41
\calc@Bskip=\skip42
LaTeX Info: Redefining \setlength on input line 76.
LaTeX Info: Redefining \addtolength on input line 77.
\calc@Ccount=\count81
\calc@Cskip=\skip43
)
(/usr/share/texmf-texlive/tex/latex/base/ifthen.sty
Package: ifthen 2001/05/26 v1.1c Standard LaTeX ifthen package (DPC)
)
Using one-and-a-half spacing
(/usr/share/texmf-texlive/tex/latex/base/book.cls
Document Class: book 2007/10/19 v1.4h Standard LaTeX document class
(/usr/share/texmf-texlive/tex/latex/base/bk11.clo
File: bk11.clo 2007/10/19 v1.4h Standard LaTeX file (size option)
)
\c@part=\count82
\c@chapter=\count83
\c@section=\count84
\c@subsection=\count85
\c@subsubsection=\count86
\c@paragraph=\count87
\c@subparagraph=\count88
\c@figure=\count89
\c@table=\count90
\abovecaptionskip=\skip44
\belowcaptionskip=\skip45
\bibindent=\dimen104
)
(/usr/share/texmf-texlive/tex/latex/setspace/setspace.sty
Package: setspace 2000/12/01 6.7 Contributed and Supported LaTeX2e package

Package: `setspace' 6.7 <2000/12/01>
) (/usr/share/texmf-texlive/tex/latex/textcase/textcase.sty
Package: textcase 2004/10/07 v0.07 Text only upper/lower case changing (DPC)
)
(/usr/share/texmf-texlive/tex/latex/tocbibind/tocbibind.sty
Package: tocbibind 2009/09/04 v1.5i extra ToC listings


Package tocbibind Note: The document has chapter divisions.


Package tocbibind Note: Using chapter style headings, unless overridden.

) (/usr/share/texmf-texlive/tex/latex/tocloft/tocloft.sty
Package: tocloft 2009/09/04 v2.3d parameterised ToC, etc., typesetting


Package tocloft Note: The document has chapter divisions.

\cftparskip=\skip46
\cftbeforetoctitleskip=\skip47
\cftaftertoctitleskip=\skip48
\cftbeforepartskip=\skip49
\cftpartnumwidth=\skip50
\cftpartindent=\skip51
\cftbeforechapskip=\skip52
\cftchapindent=\skip53
\cftchapnumwidth=\skip54
\cftbeforesecskip=\skip55
\cftsecindent=\skip56
\cftsecnumwidth=\skip57
\cftbeforesubsecskip=\skip58
\cftsubsecindent=\skip59
\cftsubsecnumwidth=\skip60
\cftbeforesubsubsecskip=\skip61
\cftsubsubsecindent=\skip62
\cftsubsubsecnumwidth=\skip63
\cftbeforeparaskip=\skip64
\cftparaindent=\skip65
\cftparanumwidth=\skip66
\cftbeforesubparaskip=\skip67
\cftsubparaindent=\skip68
\cftsubparanumwidth=\skip69
\cftbeforeloftitleskip=\skip70
\cftafterloftitleskip=\skip71
\cftbeforefigskip=\skip72
\cftfigindent=\skip73
\cftfignumwidth=\skip74
\c@lofdepth=\count91
\c@lotdepth=\count92
\cftbeforelottitleskip=\skip75
\cftafterlottitleskip=\skip76
\cftbeforetabskip=\skip77
\cfttabindent=\skip78
\cfttabnumwidth=\skip79
)
\@figprefixlen=\skip80
\@tabprefixlen=\skip81
) (/usr/share/texmf-texlive/tex/latex/psnfss/times.sty
Package: times 2005/04/12 PSNFSS-v9.2a (SPQR) 
)
(/usr/share/texmf-texlive/tex/latex/psnfss/mathptmx.sty
Package: mathptmx 2005/04/12 PSNFSS-v9.2a Times w/ Math, improved (SPQR, WaS) 
LaTeX Font Info:    Redeclaring symbol font `operators' on input line 28.
LaTeX Font Info:    Overwriting symbol font `operators' in version `normal'
(Font)                  OT1/cmr/m/n --> OT1/ztmcm/m/n on input line 28.
LaTeX Font Info:    Overwriting symbol font `operators' in version `bold'
(Font)                  OT1/cmr/bx/n --> OT1/ztmcm/m/n on input line 28.
LaTeX Font Info:    Redeclaring symbol font `letters' on input line 29.
LaTeX Font Info:    Overwriting symbol font `letters' in version `normal'
(Font)                  OML/cmm/m/it --> OML/ztmcm/m/it on input line 29.
LaTeX Font Info:    Overwriting symbol font `letters' in version `bold'
(Font)                  OML/cmm/b/it --> OML/ztmcm/m/it on input line 29.
LaTeX Font Info:    Redeclaring symbol font `symbols' on input line 30.
LaTeX Font Info:    Overwriting symbol font `symbols' in version `normal'
(Font)                  OMS/cmsy/m/n --> OMS/ztmcm/m/n on input line 30.
LaTeX Font Info:    Overwriting symbol font `symbols' in version `bold'
(Font)                  OMS/cmsy/b/n --> OMS/ztmcm/m/n on input line 30.
LaTeX Font Info:    Redeclaring symbol font `largesymbols' on input line 31.
LaTeX Font Info:    Overwriting symbol font `largesymbols' in version `normal'
(Font)                  OMX/cmex/m/n --> OMX/ztmcm/m/n on input line 31.
LaTeX Font Info:    Overwriting symbol font `largesymbols' in version `bold'
(Font)                  OMX/cmex/m/n --> OMX/ztmcm/m/n on input line 31.
\symbold=\mathgroup4
\symitalic=\mathgroup5
LaTeX Font Info:    Redeclaring math alphabet \mathbf on input line 34.
LaTeX Font Info:    Overwriting math alphabet `\mathbf' in version `normal'
(Font)                  OT1/cmr/bx/n --> OT1/ptm/bx/n on input line 34.
LaTeX Font Info:    Overwriting math alphabet `\mathbf' in version `bold'
(Font)                  OT1/cmr/bx/n --> OT1/ptm/bx/n on input line 34.
LaTeX Font Info:    Redeclaring math alphabet \mathit on input line 35.
LaTeX Font Info:    Overwriting math alphabet `\mathit' in version `normal'
(Font)                  OT1/cmr/m/it --> OT1/ptm/m/it on input line 35.
LaTeX Font Info:    Overwriting math alphabet `\mathit' in version `bold'
(Font)                  OT1/cmr/bx/it --> OT1/ptm/m/it on input line 35.
LaTeX Info: Redefining \hbar on input line 50.
)
(/usr/share/texmf-texlive/tex/latex/psnfss/courier.sty
Package: courier 2005/04/12 PSNFSS-v9.2a (WaS) 
)
(/usr/share/texmf-texlive/tex/latex/psnfss/helvet.sty
Package: helvet 2005/04/12 PSNFSS-v9.2a (WaS) 

(/usr/share/texmf-texlive/tex/latex/graphics/keyval.sty
Package: keyval 1999/03/16 v1.13 key=value parser (DPC)
\KV@toks@=\toks14
))
(/usr/share/texmf-texlive/tex/latex/graphics/graphicx.sty
Package: graphicx 1999/02/16 v1.0f Enhanced LaTeX Graphics (DPC,SPQR)

(/usr/share/texmf-texlive/tex/latex/graphics/graphics.sty
Package: graphics 2009/02/05 v1.0o Standard LaTeX Graphics (DPC,SPQR)

(/usr/share/texmf-texlive/tex/latex/graphics/trig.sty
Package: trig 1999/03/16 v1.09 sin cos tan (DPC)
)
(/etc/texmf/tex/latex/config/graphics.cfg
File: graphics.cfg 2009/08/28 v1.8 graphics configuration of TeX Live
)
Package graphics Info: Driver file: pdftex.def on input line 91.

(/usr/share/texmf-texlive/tex/latex/pdftex-def/pdftex.def
File: pdftex.def 2010/03/12 v0.04p Graphics/color for pdfTeX
\Gread@gobject=\count93
))
\Gin@req@height=\dimen105
\Gin@req@width=\dimen106
)
(/usr/share/texmf-texlive/tex/latex/amsmath/amsmath.sty
Package: amsmath 2000/07/18 v2.13 AMS math features
\@mathmargin=\skip82

For additional information on amsmath, use the `?' option.
(/usr/share/texmf-texlive/tex/latex/amsmath/amstext.sty
Package: amstext 2000/06/29 v2.01

(/usr/share/texmf-texlive/tex/latex/amsmath/amsgen.sty
File: amsgen.sty 1999/11/30 v2.0
\@emptytoks=\toks15
\ex@=\dimen107
))
(/usr/share/texmf-texlive/tex/latex/amsmath/amsbsy.sty
Package: amsbsy 1999/11/29 v1.2d
\pmbraise@=\dimen108
)
(/usr/share/texmf-texlive/tex/latex/amsmath/amsopn.sty
Package: amsopn 1999/12/14 v2.01 operator names
)
\inf@bad=\count94
LaTeX Info: Redefining \frac on input line 211.
\uproot@=\count95
\leftroot@=\count96
LaTeX Info: Redefining \overline on input line 307.
\classnum@=\count97
\DOTSCASE@=\count98
LaTeX Info: Redefining \ldots on input line 379.
LaTeX Info: Redefining \dots on input line 382.
LaTeX Info: Redefining \cdots on input line 467.
\Mathstrutbox@=\box26
\strutbox@=\box27
\big@size=\dimen109
LaTeX Font Info:    Redeclaring font encoding OML on input line 567.
LaTeX Font Info:    Redeclaring font encoding OMS on input line 568.
\macc@depth=\count99
\c@MaxMatrixCols=\count100
\dotsspace@=\muskip10
\c@parentequation=\count101
\dspbrk@lvl=\count102
\tag@help=\toks16
\row@=\count103
\column@=\count104
\maxfields@=\count105
\andhelp@=\toks17
\eqnshift@=\dimen110
\alignsep@=\dimen111
\tagshift@=\dimen112
\tagwidth@=\dimen113
\totwidth@=\dimen114
\lineht@=\dimen115
\@envbody=\toks18
\multlinegap=\skip83
\multlinetaggap=\skip84
\mathdisplay@stack=\toks19
LaTeX Info: Redefining \[ on input line 2666.
LaTeX Info: Redefining \] on input line 2667.
)
(/usr/share/texmf-texlive/tex/latex/amsfonts/amssymb.sty
Package: amssymb 2009/06/22 v3.00

(/usr/share/texmf-texlive/tex/latex/amsfonts/amsfonts.sty
Package: amsfonts 2009/06/22 v3.00 Basic AMSFonts support
\symAMSa=\mathgroup6
\symAMSb=\mathgroup7
LaTeX Font Info:    Overwriting math alphabet `\mathfrak' in version `bold'
(Font)                  U/euf/m/n --> U/euf/b/n on input line 96.
))
(/usr/share/texmf-texlive/tex/latex/booktabs/booktabs.sty
Package: booktabs 2005/04/14 v1.61803 publication quality tables
\heavyrulewidth=\dimen116
\lightrulewidth=\dimen117
\cmidrulewidth=\dimen118
\belowrulesep=\dimen119
\belowbottomsep=\dimen120
\aboverulesep=\dimen121
\abovetopsep=\dimen122
\cmidrulesep=\dimen123
\cmidrulekern=\dimen124
\defaultaddspace=\dimen125
\@cmidla=\count106
\@cmidlb=\count107
\@aboverulesep=\dimen126
\@belowrulesep=\dimen127
\@thisruleclass=\count108
\@lastruleclass=\count109
\@thisrulewidth=\dimen128
)
(/usr/share/texmf-texlive/tex/latex/listings/listings.sty
\lst@mode=\count110
\lst@gtempboxa=\box28
\lst@token=\toks20
\lst@length=\count111
\lst@currlwidth=\dimen129
\lst@column=\count112
\lst@pos=\count113
\lst@lostspace=\dimen130
\lst@width=\dimen131
\lst@newlines=\count114
\lst@lineno=\count115
\lst@maxwidth=\dimen132

(/usr/share/texmf-texlive/tex/latex/listings/lstmisc.sty
File: lstmisc.sty 2007/02/22 1.4 (Carsten Heinz)
\c@lstnumber=\count116
\lst@skipnumbers=\count117
\lst@framebox=\box29
)
(/usr/share/texmf-texlive/tex/latex/listings/listings.cfg
File: listings.cfg 2007/02/22 1.4 listings configuration
))
Package: listings 2007/02/22 1.4 (Carsten Heinz)

(/usr/share/texmf-texlive/tex/latex/acronym/acronym.sty
Package: acronym 2009/01/25 v1.34 Support for acronyms (Tobias Oetiker)

(/usr/share/texmf-texlive/tex/latex/bigfoot/suffix.sty
Package: suffix 2006/07/15 1.5 Variant command support
)
\AC@clearlist=\toks21
)
(/usr/share/texmf-texlive/tex/latex/natbib/natbib.sty
Package: natbib 2009/07/16 8.31 (PWD, AO)
\bibhang=\skip85
\bibsep=\skip86
LaTeX Info: Redefining \cite on input line 694.
\c@NAT@ctr=\count118
)
(/usr/share/texmf-texlive/tex/latex/titlesec/titlesec.sty
Package: titlesec 2007/08/12 v2.8 Sectioning titles
\ttl@box=\box30
\beforetitleunit=\skip87
\aftertitleunit=\skip88
\ttl@plus=\dimen133
\ttl@minus=\dimen134
\ttl@toksa=\toks22
\titlewidth=\dimen135
\titlewidthlast=\dimen136
\titlewidthfirst=\dimen137
)
(/usr/share/texmf-texlive/tex/latex/caption/caption.sty
Package: caption 2009/10/09 v3.1k Customizing captions (AR)

(/usr/share/texmf-texlive/tex/latex/caption/caption3.sty
Package: caption3 2009/10/09 v3.1k caption3 kernel (AR)
\captionmargin=\dimen138
\captionmargin@=\dimen139
\captionwidth=\dimen140
\caption@indent=\dimen141
\caption@parindent=\dimen142
\caption@hangindent=\dimen143
)
\c@ContinuedFloat=\count119
Package caption Info: listings package is loaded.
)
(/usr/share/texmf-texlive/tex/latex/ltxmisc/url.sty
\Urlmuskip=\muskip11
Package: url 2006/04/12  ver 3.3  Verb mode for urls, etc.
)
(/usr/share/texmf-texlive/tex/latex/graphics/color.sty
Package: color 2005/11/14 v1.0j Standard LaTeX Color (DPC)

(/etc/texmf/tex/latex/config/color.cfg
File: color.cfg 2007/01/18 v1.5 color configuration of teTeX/TeXLive
)
Package color Info: Driver file: pdftex.def on input line 130.
)
(/usr/share/texmf-texlive/tex/latex/hyperref/hyperref.sty
Package: hyperref 2009/10/09 v6.79a Hypertext links for LaTeX

(/usr/share/texmf-texlive/tex/generic/oberdiek/ifpdf.sty
Package: ifpdf 2009/04/10 v2.0 Provides the ifpdf switch (HO)
Package ifpdf Info: pdfTeX in pdf mode detected.
)
(/usr/share/texmf-texlive/tex/generic/oberdiek/ifvtex.sty
Package: ifvtex 2008/11/04 v1.4 Switches for detecting VTeX and its modes (HO)
Package ifvtex Info: VTeX not detected.
)
(/usr/share/texmf-texlive/tex/generic/ifxetex/ifxetex.sty
Package: ifxetex 2009/01/23 v0.5 Provides ifxetex conditional
)
(/usr/share/texmf-texlive/tex/latex/oberdiek/hycolor.sty
Package: hycolor 2009/10/02 v1.5 Code for color options of hyperref/bookmark (H
O)

(/usr/share/texmf-texlive/tex/latex/oberdiek/xcolor-patch.sty
Package: xcolor-patch 2009/10/02 xcolor patch
))
\@linkdim=\dimen144
\Hy@linkcounter=\count120
\Hy@pagecounter=\count121

(/usr/share/texmf-texlive/tex/latex/hyperref/pd1enc.def
File: pd1enc.def 2009/10/09 v6.79a Hyperref: PDFDocEncoding definition (HO)
)
(/usr/share/texmf-texlive/tex/generic/oberdiek/etexcmds.sty
Package: etexcmds 2007/12/12 v1.2 Prefix for e-TeX command names (HO)

(/usr/share/texmf-texlive/tex/generic/oberdiek/infwarerr.sty
Package: infwarerr 2007/09/09 v1.2 Providing info/warning/message (HO)
)
Package etexcmds Info: Could not find \expanded.
(etexcmds)             That can mean that you are not using pdfTeX 1.50 or
(etexcmds)             that some package has redefined \expanded.
(etexcmds)             In the latter case, load this package earlier.
)
(/usr/share/texmf-texlive/tex/latex/latexconfig/hyperref.cfg
File: hyperref.cfg 2002/06/06 v1.2 hyperref configuration of TeXLive
)
(/usr/share/texmf-texlive/tex/latex/oberdiek/kvoptions.sty
Package: kvoptions 2009/08/13 v3.4 Keyval support for LaTeX options (HO)

(/usr/share/texmf-texlive/tex/generic/oberdiek/kvsetkeys.sty
Package: kvsetkeys 2009/07/30 v1.5 Key value parser with default handler suppor
t (HO)
))
Package hyperref Info: Option `bookmarks' set `true' on input line 2864.
Package hyperref Info: Option `bookmarksnumbered' set `true' on input line 2864
.
Package hyperref Info: Option `linktocpage' set `true' on input line 2864.
Package hyperref Info: Hyper figures OFF on input line 2975.
Package hyperref Info: Link nesting OFF on input line 2980.
Package hyperref Info: Hyper index ON on input line 2983.
Package hyperref Info: Plain pages OFF on input line 2990.
Package hyperref Info: Backreferencing ON on input line 2993.

Implicit mode ON; LaTeX internals redefined
Package hyperref Info: Bookmarks ON on input line 3191.
(/usr/share/texmf-texlive/tex/latex/hyperref/backref.sty
Package: backref 2006/09/05 v1.28 Bibliographical back referencing
)
LaTeX Info: Redefining \url on input line 3428.

(/usr/share/texmf-texlive/tex/generic/oberdiek/bitset.sty
Package: bitset 2007/09/28 v1.0 Data type bit set (HO)

(/usr/share/texmf-texlive/tex/generic/oberdiek/intcalc.sty
Package: intcalc 2007/09/27 v1.1 Expandable integer calculations (HO)
)
(/usr/share/texmf-texlive/tex/generic/oberdiek/bigintcalc.sty
Package: bigintcalc 2007/11/11 v1.1 Expandable big integer calculations (HO)

(/usr/share/texmf-texlive/tex/generic/oberdiek/pdftexcmds.sty
Package: pdftexcmds 2009/09/23 v0.6 LuaTeX support for pdfTeX utility functions
 (HO)

(/usr/share/texmf-texlive/tex/generic/oberdiek/ifluatex.sty
Package: ifluatex 2009/04/17 v1.2 Provides the ifluatex switch (HO)
Package ifluatex Info: LuaTeX not detected.
)
(/usr/share/texmf-texlive/tex/generic/oberdiek/ltxcmds.sty
Package: ltxcmds 2009/08/05 v1.0 Some LaTeX kernel commands for general use (HO
)
)
Package pdftexcmds Info: LuaTeX not detected.
Package pdftexcmds Info: \pdf@primitive is available.
Package pdftexcmds Info: \pdf@ifprimitive is available.
)))
\Fld@menulength=\count122
\Field@Width=\dimen145
\Fld@charsize=\dimen146
\Field@toks=\toks23
Package hyperref Info: Hyper figures OFF on input line 4377.
Package hyperref Info: Link nesting OFF on input line 4382.
Package hyperref Info: Hyper index ON on input line 4385.
Package hyperref Info: backreferencing ON on input line 4390.
Package hyperref Info: Link coloring OFF on input line 4397.
Package hyperref Info: Link coloring with OCG OFF on input line 4402.
Package hyperref Info: PDF/A mode OFF on input line 4407.

(/usr/share/texmf-texlive/tex/generic/oberdiek/atbegshi.sty
Package: atbegshi 2008/07/31 v1.9 At begin shipout hook (HO)
)
\Hy@abspage=\count123
\c@Item=\count124
\c@Hfootnote=\count125
)
*hyperref using default driver hpdftex*
(/usr/share/texmf-texlive/tex/latex/hyperref/hpdftex.def
File: hpdftex.def 2009/10/09 v6.79a Hyperref driver for pdfTeX
\Fld@listcount=\count126
) (./macros.tex
\c@lemma=\count127
)

Package hyperref Warning: Token not allowed in a PDF string (PDFDocEncoding):
(hyperref)                removing `subscript' on input line 74.

(./main_driver.aux (./abstract.aux) (./preface.aux) (./intro.aux)
(./GMS_old.aux) (./mesa_construction.aux) (./K-mesa_stability.aux)
(./one-mesa_stability.aux) (./hopf.aux))
\openout1 = `main_driver.aux'.

LaTeX Font Info:    Checking defaults for OML/cmm/m/it on input line 76.
LaTeX Font Info:    ... okay on input line 76.
LaTeX Font Info:    Checking defaults for T1/cmr/m/n on input line 76.
LaTeX Font Info:    ... okay on input line 76.
LaTeX Font Info:    Checking defaults for OT1/cmr/m/n on input line 76.
LaTeX Font Info:    ... okay on input line 76.
LaTeX Font Info:    Checking defaults for OMS/cmsy/m/n on input line 76.
LaTeX Font Info:    ... okay on input line 76.
LaTeX Font Info:    Checking defaults for OMX/cmex/m/n on input line 76.
LaTeX Font Info:    ... okay on input line 76.
LaTeX Font Info:    Checking defaults for U/cmr/m/n on input line 76.
LaTeX Font Info:    ... okay on input line 76.
LaTeX Font Info:    Checking defaults for PD1/pdf/m/n on input line 76.
LaTeX Font Info:    ... okay on input line 76.
LaTeX Font Info:    Try loading font information for OT1+ptm on input line 76.

(/usr/share/texmf-texlive/tex/latex/psnfss/ot1ptm.fd
File: ot1ptm.fd 2001/06/04 font definitions for OT1/ptm.
)
(/usr/share/texmf-texlive/tex/context/base/supp-pdf.mkii
[Loading MPS to PDF converter (version 2006.09.02).]
\scratchcounter=\count128
\scratchdimen=\dimen147
\scratchbox=\box31
\nofMPsegments=\count129
\nofMParguments=\count130
\everyMPshowfont=\toks24
\MPscratchCnt=\count131
\MPscratchDim=\dimen148
\MPnumerator=\count132
\everyMPtoPDFconversion=\toks25
)
\c@lstlisting=\count133
Package caption Info: Begin \AtBeginDocument code.
Package caption Info: hyperref package is loaded.
Package caption Info: End \AtBeginDocument code.
Package hyperref Info: Link coloring OFF on input line 76.
 (/usr/share/texmf-texlive/tex/latex/hyperref/nameref.sty
Package: nameref 2007/05/29 v2.31 Cross-referencing by name of section

(/usr/share/texmf-texlive/tex/latex/oberdiek/refcount.sty
Package: refcount 2008/08/11 v3.1 Data extraction from references (HO)
)
\c@section@level=\count134
)
LaTeX Info: Redefining \ref on input line 76.
LaTeX Info: Redefining \pageref on input line 76.
 (./main_driver.out) (./main_driver.out)
\@outlinefile=\write3
\openout3 = `main_driver.out'.

Package backref Info: ** backref set up for natbib ** on input line 76.
\AtBeginShipoutBox=\box32
LaTeX Font Info:    Font shape `OT1/ptm/bx/n' in size <14.4> not available
(Font)              Font shape `OT1/ptm/b/n' tried instead on input line 79.
LaTeX Font Info:    Font shape `OT1/ptm/bx/n' in size <12> not available
(Font)              Font shape `OT1/ptm/b/n' tried instead on input line 79.
LaTeX Font Info:    Try loading font information for OMS+ptm on input line 79.
 (/usr/share/texmf-texlive/tex/latex/psnfss/omsptm.fd
File: omsptm.fd 
)
LaTeX Font Info:    Font shape `OMS/ptm/m/n' in size <12> not available
(Font)              Font shape `OMS/cmsy/m/n' tried instead on input line 79.

[1



{/var/lib/texmf/fonts/map/pdftex/updmap/pdftex.map}] [2]
\openout2 = `abstract.aux'.

 (./abstract.tex
LaTeX Font Info:    Font shape `OT1/ptm/bx/n' in size <24.88> not available
(Font)              Font shape `OT1/ptm/b/n' tried instead on input line 4.
)pdfTeX warning (ext4): destination with the same identifier (name{page.ii}) ha
s been already used, duplicate ignored
<to be read again> 
                   \relax 
l.80 \include{abstract}
                        [2


]
\openout2 = `preface.aux'.

 (./preface.tex
Package acronym Info: Label `acro:UBC' newly defined as it shall be overridden
although it is yet undefined on input line 6.
Package acronym Info: Label `acro:FoGS' newly defined as it shall be overridden

although it is yet undefined on input line 7.
) [3




] (./main_driver.toc
LaTeX Font Info:    Font shape `OT1/ptm/bx/n' in size <10.95> not available
(Font)              Font shape `OT1/ptm/b/n' tried instead on input line 1.
LaTeX Font Info:    Try loading font information for OT1+ztmcm on input line 1.


(/usr/share/texmf-texlive/tex/latex/psnfss/ot1ztmcm.fd
File: ot1ztmcm.fd 2000/01/03 Fontinst v1.801 font definitions for OT1/ztmcm.
)
LaTeX Font Info:    Try loading font information for OML+ztmcm on input line 1.


(/usr/share/texmf-texlive/tex/latex/psnfss/omlztmcm.fd
File: omlztmcm.fd 2000/01/03 Fontinst v1.801 font definitions for OML/ztmcm.
)
LaTeX Font Info:    Try loading font information for OMS+ztmcm on input line 1.


(/usr/share/texmf-texlive/tex/latex/psnfss/omsztmcm.fd
File: omsztmcm.fd 2000/01/03 Fontinst v1.801 font definitions for OMS/ztmcm.
)
LaTeX Font Info:    Try loading font information for OMX+ztmcm on input line 1.


(/usr/share/texmf-texlive/tex/latex/psnfss/omxztmcm.fd
File: omxztmcm.fd 2000/01/03 Fontinst v1.801 font definitions for OMX/ztmcm.
)
LaTeX Font Info:    Font shape `OT1/ptm/bx/n' in size <8> not available
(Font)              Font shape `OT1/ptm/b/n' tried instead on input line 1.
LaTeX Font Info:    Font shape `OT1/ptm/bx/n' in size <6> not available
(Font)              Font shape `OT1/ptm/b/n' tried instead on input line 1.
 [4


])
\tf@toc=\write4
\openout4 = `main_driver.toc'.

 [5]
(./main_driver.lot
Overfull \hbox (2.58507pt too wide) in paragraph at lines 6--6
 \OT1/ptm/m/n/10.95 eigen-modes cor-re-spond to one, two, four, and eight peaks
. These 
 []

)
\tf@lot=\write5
\openout5 = `main_driver.lot'.

 [6

] (./main_driver.lof [7

])
\tf@lof=\write6
\openout6 = `main_driver.lof'.

 [8] (./main_driver.toc)
\tf@toc=\write7
\openout7 = `main_driver.toc'.

 [9

] (./glossary.tex
LaTeX Font Info:    Try loading font information for OT1+pcr on input line 6.

(/usr/share/texmf-texlive/tex/latex/psnfss/ot1pcr.fd
File: ot1pcr.fd 2001/06/04 font definitions for OT1/pcr.
)
LaTeX Font Info:    Try loading font information for OT1+phv on input line 17.

(/usr/share/texmf-texlive/tex/latex/psnfss/ot1phv.fd
File: ot1phv.fd 2001/06/04 scalable font definitions for OT1/phv.
)
LaTeX Font Info:    Font shape `OT1/phv/bx/n' in size <10.95> not available
(Font)              Font shape `OT1/phv/b/n' tried instead on input line 17.
LaTeX Font Info:    Font shape `OT1/phv/b/n' will be
(Font)              scaled to size 10.07397pt on input line 17.
LaTeX Font Info:    Font shape `OT1/phv/bx/sc' in size <10.95> not available
(Font)              Font shape `OT1/phv/b/sc' tried instead on input line 24.
LaTeX Font Info:    Font shape `OT1/phv/b/sc' will be
(Font)              scaled to size 10.07397pt on input line 24.
) [10


]
\openout2 = `intro.aux'.

 (./intro.tex
Chapter 1.
LaTeX Font Info:    Font shape `OT1/ptm/bx/n' in size <20.74> not available
(Font)              Font shape `OT1/ptm/b/n' tried instead on input line 4.
) [1



]
\openout2 = `GMS_old.aux'.

 (./GMS_old.tex
Chapter 2.
[2



] [3] [4]
LaTeX Font Info:    Font shape `OT1/ptm/bx/n' in size <9> not available
(Font)              Font shape `OT1/ptm/b/n' tried instead on input line 124.
LaTeX Font Info:    Font shape `OT1/ptm/bx/n' in size <7> not available
(Font)              Font shape `OT1/ptm/b/n' tried instead on input line 124.

<../images/profiles_basic_mesa_.pdf, id=226, 558.085pt x 348.30125pt>
File: ../images/profiles_basic_mesa_.pdf Graphic file (type pdf)

<use ../images/profiles_basic_mesa_.pdf> [5] [6 <../images/profiles_basic_mesa_
.pdf>] [7] [8]
<../images/typical_solutions.pdf, id=290, 558.085pt x 348.30125pt>
File: ../images/typical_solutions.pdf Graphic file (type pdf)

<use ../images/typical_solutions.pdf>
<../images/two_mesa_branch.pdf, id=291, 558.085pt x 348.30125pt>
File: ../images/two_mesa_branch.pdf Graphic file (type pdf)

<use ../images/two_mesa_branch.pdf>
Overfull \hbox (1.34998pt too wide) in paragraph at lines 255--256
 [][] 
 []

<../images/one_sol_bif.pdf, id=293, 558.085pt x 348.30125pt>
File: ../images/one_sol_bif.pdf Graphic file (type pdf)

<use ../images/one_sol_bif.pdf> [9] [10 <../images/typical_solutions.pdf> <../i
mages/two_mesa_branch.pdf>]
LaTeX Font Info:    Font shape `OMS/ptm/m/n' in size <10.95> not available
(Font)              Font shape `OMS/cmsy/m/n' tried instead on input line 285.

<../images/full_soln_up.pdf, id=337, 448.67625pt x 338.26375pt>
File: ../images/full_soln_up.pdf Graphic file (type pdf)

<use ../images/full_soln_up.pdf>
<../images/full_soln_down.pdf, id=338, 448.67625pt x 337.26pt>
File: ../images/full_soln_down.pdf Graphic file (type pdf)

<use ../images/full_soln_down.pdf>
Overfull \hbox (1.34998pt too wide) in paragraph at lines 289--290
 [][] 
 []

[11 <../images/one_sol_bif.pdf>]
<../images/all_branches.pdf, id=366, 558.085pt x 348.30125pt>
File: ../images/all_branches.pdf Graphic file (type pdf)

<use ../images/all_branches.pdf>
<../images/growing.pdf, id=367, 448.67625pt x 338.26375pt>
File: ../images/growing.pdf Graphic file (type pdf)

<use ../images/growing.pdf>
Overfull \hbox (1.34998pt too wide) in paragraph at lines 315--316
 [][] 
 []

[12 <../images/full_soln_up.pdf> <../images/full_soln_down.pdf>]
<../images/single_mesa.pdf, id=388, 614.295pt x 794.97pt>
File: ../images/single_mesa.pdf Graphic file (type pdf)

<use ../images/single_mesa.pdf> [13 <../images/all_branches.pdf> <../images/gro
wing.pdf>] [14 <../images/single_mesa.pdf>]
<../images/f_of_w.pdf, id=428, 614.295pt x 794.97pt>
File: ../images/f_of_w.pdf Graphic file (type pdf)

<use ../images/f_of_w.pdf> [15] [16 <../images/f_of_w.pdf>] [17] [18] [19]
[20] [21] [22] [23] [24] [25] [26] [27] [28] [29] [30]
Overfull \hbox (5.60847pt too wide) detected at line 1172
\OML/ztmcm/m/it/10.95 c \OT1/ztmcm/m/n/10.95 + \OML/ztmcm/m/it/10.95 a \OT1/ztm
cm/m/n/10.95 + \OML/ztmcm/m/it/10.95 b \OT1/ztmcm/m/n/10.95 = \OML/ztmcm/m/it/1
0.95 c \OMS/ztmcm/m/n/10.95 ^^@ j\OML/ztmcm/m/it/10.95 a \OT1/ztmcm/m/n/10.95 +
 \OML/ztmcm/m/it/10.95 b\OMS/ztmcm/m/n/10.95 j \OT1/ztmcm/m/n/10.95 = [] + [] \
OMS/ztmcm/m/n/10.95 ^^@ [] ^^@ [] \OT1/ztmcm/m/n/10.95 = []\OML/ztmcm/m/it/10.9
5 ;
 []

[31] [32]

! Package amsmath Error: Erroneous nesting of equation structures;
(amsmath)                trying to recover with `aligned'.

See the amsmath package documentation for explanation.
Type  H <return>  for immediate help.
 ...                                              
                                                  
l.1227 \end{align}
                  
Try typing  <return>  to proceed.
If that doesn't work, type  X <return>  to quit.

) [33] [34]
\openout2 = `mesa_construction.aux'.

 (./mesa_construction.tex [35


] [36] [37]
Overfull \hbox (1.43542pt too wide) in paragraph at lines 178--181
\OT1/ptm/m/n/10.95 Either by derivat-ing [], or in-te-grat-ing [] over $\OML/zt
mcm/m/it/10.95 l < x < L$ \OT1/ptm/m/n/10.95 we get that $\OML/ztmcm/m/it/10.95
 v[]\OT1/ztmcm/m/n/10.95 (\OML/ztmcm/m/it/10.95 l[]\OT1/ztmcm/m/n/10.95 ) \OMS/
ztmcm/m/n/10.95 ^^Q
 []

[38] [39]) [40]
\openout2 = `K-mesa_stability.aux'.

 (./K-mesa_stability.tex [41


] [42] [43] [44] [45] [46] [47]
[48]
Overfull \hbox (20.19302pt too wide) in paragraph at lines 406--406
[] 
 []

[49] [50] [51] [52] [53] [54] [55]) [56]
\openout2 = `one-mesa_stability.aux'.

 (./one-mesa_stability.tex
Overfull \hbox (5.66618pt too wide) in paragraph at lines 53--55
[]\OT1/ptm/m/n/10.95 The un-knowns $\OML/ztmcm/m/it/10.95  \OT1/ztmcm/m/n/10.95
 (\OMS/ztmcm/m/n/10.95 ^^F\OML/ztmcm/m/it/10.95 l\OT1/ztmcm/m/n/10.95 )$ \OT1/p
tm/m/n/10.95 are to be found by sat-is-fy-ing the jump con-di-tions $[]\OML/ztm
cm/m/it/10.95  [][][] \OT1/ztmcm/m/n/10.95 =
 []

[57


] [58] [59] [60] [61] [62] [63] [64] [65]) [66]
\openout2 = `hopf.aux'.

 (./hopf.tex [67


] [68]
<../images/lambda_L_kappa_1.pdf, id=821, 548.0475pt x 338.71199pt>
File: ../images/lambda_L_kappa_1.pdf Graphic file (type pdf)

<use ../images/lambda_L_kappa_1.pdf>
<../images/tau_L_kappa_1.pdf, id=822, 548.0475pt x 338.71199pt>
File: ../images/tau_L_kappa_1.pdf Graphic file (type pdf)

<use ../images/tau_L_kappa_1.pdf>
<../images/lambda_L_kappa_065.pdf, id=823, 548.0475pt x 338.71199pt>
File: ../images/lambda_L_kappa_065.pdf Graphic file (type pdf)

<use ../images/lambda_L_kappa_065.pdf>
<../images/tau_L_kappa_065.pdf, id=824, 548.0475pt x 338.71199pt>
File: ../images/tau_L_kappa_065.pdf Graphic file (type pdf)

<use ../images/tau_L_kappa_065.pdf>
<../images/kappa_hopf_critical_.pdf, id=827, 558.085pt x 348.30125pt>
File: ../images/kappa_hopf_critical_.pdf Graphic file (type pdf)

<use ../images/kappa_hopf_critical_.pdf> [69 <../images/lambda_L_kappa_1.pdf> <
../images/tau_L_kappa_1.pdf> <../images/lambda_L_kappa_065.pdf> <../images/tau_
L_kappa_065.pdf>] [70 <../images/kappa_hopf_critical_.pdf>] [71]) [72] [73]
(./main_driver.bbl (./main_driver.brf)
\tf@brf=\write8
\openout8 = `main_driver.brf'.

Missing character: There is no â in font ptmr7t!
Missing character: There is no € in font ptmr7t!
Missing character: There is no “ in font ptmr7t!
 [74


]) [75] (./main_driver.aux
(./abstract.aux) (./preface.aux) (./intro.aux) (./GMS_old.aux)
(./mesa_construction.aux) (./K-mesa_stability.aux) (./one-mesa_stability.aux)
(./hopf.aux)) ) 
Here is how much of TeX's memory you used:
 9569 strings out of 495061
 138483 string characters out of 1182621
 232940 words of memory out of 3000000
 12228 multiletter control sequences out of 15000+50000
 57363 words of font info for 120 fonts, out of 3000000 for 9000
 28 hyphenation exceptions out of 8191
 38i,28n,38p,778b,512s stack positions out of 5000i,500n,10000p,200000b,50000s
{/usr/share/texmf-texlive/fonts/enc/dvips/base/8r.enc}</usr/shar
e/texmf-texlive/fonts/type1/public/amsfonts/cm/cmex10.pfb></usr/share/texmf-tex
live/fonts/type1/public/amsfonts/cm/cmmi10.pfb></usr/share/texmf-texlive/fonts/
type1/public/amsfonts/cm/cmmi12.pfb></usr/share/texmf-texlive/fonts/type1/publi
c/amsfonts/cm/cmr10.pfb></usr/share/texmf-texlive/fonts/type1/public/amsfonts/c
m/cmr12.pfb></usr/share/texmf-texlive/fonts/type1/public/amsfonts/cm/cmr17.pfb>
</usr/share/texmf-texlive/fonts/type1/public/amsfonts/cm/cmr8.pfb></usr/share/t
exmf-texlive/fonts/type1/public/amsfonts/cm/cmsy10.pfb></usr/share/texmf-texliv
e/fonts/type1/public/amsfonts/symbols/msbm10.pfb></usr/share/texmf-texlive/font
s/type1/public/rsfs/rsfs10.pfb></usr/share/texmf-texlive/fonts/type1/urw/courie
r/ucrr8a.pfb></usr/share/texmf-texlive/fonts/type1/urw/helvetic/uhvb8a.pfb></us
r/share/texmf-texlive/fonts/type1/urw/helvetic/uhvr8a.pfb></usr/share/texmf-tex
live/fonts/type1/urw/symbol/usyr.pfb></usr/share/texmf-texlive/fonts/type1/urw/
symbol/usyr.pfb></usr/share/texmf-texlive/fonts/type1/urw/times/utmb8a.pfb></us
r/share/texmf-texlive/fonts/type1/urw/times/utmr8a.pfb></usr/share/texmf-texliv
e/fonts/type1/urw/times/utmri8a.pfb>
Output written on main_driver.pdf (86 pages, 1219714 bytes).
PDF statistics:
 1042 PDF objects out of 1200 (max. 8388607)
 208 named destinations out of 1000 (max. 500000)
 244 words of extra memory for PDF output out of 10000 (max. 10000000)

